{"/Users/o3/github.com/o3-ozono/mf-auto-reg/src/mastra/tools/parser.ts": {"path":"/Users/o3/github.com/o3-ozono/mf-auto-reg/src/mastra/tools/parser.ts","statementMap":{"0":{"start":{"line":62,"column":0},"end":{"line":62,"column":16}},"1":{"start":{"line":99,"column":0},"end":{"line":99,"column":16}},"2":{"start":{"line":23,"column":2},"end":{"line":53,"column":3}},"3":{"start":{"line":25,"column":4},"end":{"line":31,"column":5}},"4":{"start":{"line":27,"column":6},"end":{"line":27,"column":64}},"5":{"start":{"line":30,"column":6},"end":{"line":30,"column":45}},"6":{"start":{"line":33,"column":19},"end":{"line":33,"column":63}},"7":{"start":{"line":34,"column":22},"end":{"line":34,"column":40}},"8":{"start":{"line":35,"column":21},"end":{"line":35,"column":26}},"9":{"start":{"line":38,"column":4},"end":{"line":41,"column":5}},"10":{"start":{"line":39,"column":6},"end":{"line":39,"column":139}},"11":{"start":{"line":40,"column":6},"end":{"line":40,"column":18}},"12":{"start":{"line":43,"column":4},"end":{"line":49,"column":6}},"13":{"start":{"line":51,"column":4},"end":{"line":51,"column":77}},"14":{"start":{"line":52,"column":4},"end":{"line":52,"column":16}},"15":{"start":{"line":63,"column":2},"end":{"line":63,"column":54}},"16":{"start":{"line":65,"column":24},"end":{"line":65,"column":70}},"17":{"start":{"line":66,"column":22},"end":{"line":66,"column":39}},"18":{"start":{"line":67,"column":21},"end":{"line":67,"column":33}},"19":{"start":{"line":69,"column":24},"end":{"line":69,"column":54}},"20":{"start":{"line":70,"column":22},"end":{"line":70,"column":50}},"21":{"start":{"line":71,"column":21},"end":{"line":71,"column":48}},"22":{"start":{"line":73,"column":2},"end":{"line":90,"column":3}},"23":{"start":{"line":74,"column":19},"end":{"line":78,"column":null}},"24":{"start":{"line":80,"column":4},"end":{"line":82,"column":5}},"25":{"start":{"line":81,"column":8},"end":{"line":81,"column":58}},"26":{"start":{"line":83,"column":4},"end":{"line":83,"column":18}},"27":{"start":{"line":85,"column":4},"end":{"line":85,"column":78}},"28":{"start":{"line":86,"column":4},"end":{"line":86,"column":62}},"29":{"start":{"line":86,"column":24},"end":{"line":86,"column":62}},"30":{"start":{"line":87,"column":4},"end":{"line":87,"column":58}},"31":{"start":{"line":87,"column":22},"end":{"line":87,"column":58}},"32":{"start":{"line":88,"column":4},"end":{"line":88,"column":56}},"33":{"start":{"line":88,"column":21},"end":{"line":88,"column":56}},"34":{"start":{"line":89,"column":4},"end":{"line":89,"column":16}},"35":{"start":{"line":100,"column":2},"end":{"line":100,"column":58}},"36":{"start":{"line":102,"column":24},"end":{"line":102,"column":76}},"37":{"start":{"line":103,"column":22},"end":{"line":103,"column":40}},"38":{"start":{"line":104,"column":21},"end":{"line":104,"column":62}},"39":{"start":{"line":106,"column":24},"end":{"line":106,"column":54}},"40":{"start":{"line":107,"column":22},"end":{"line":107,"column":50}},"41":{"start":{"line":108,"column":21},"end":{"line":108,"column":48}},"42":{"start":{"line":111,"column":2},"end":{"line":129,"column":3}},"43":{"start":{"line":112,"column":21},"end":{"line":112,"column":62}},"44":{"start":{"line":113,"column":20},"end":{"line":117,"column":null}},"45":{"start":{"line":119,"column":5},"end":{"line":121,"column":6}},"46":{"start":{"line":120,"column":9},"end":{"line":120,"column":63}},"47":{"start":{"line":122,"column":5},"end":{"line":122,"column":19}},"48":{"start":{"line":124,"column":4},"end":{"line":124,"column":82}},"49":{"start":{"line":125,"column":5},"end":{"line":125,"column":63}},"50":{"start":{"line":125,"column":25},"end":{"line":125,"column":63}},"51":{"start":{"line":126,"column":5},"end":{"line":126,"column":59}},"52":{"start":{"line":126,"column":23},"end":{"line":126,"column":59}},"53":{"start":{"line":127,"column":5},"end":{"line":127,"column":77}},"54":{"start":{"line":127,"column":22},"end":{"line":127,"column":77}},"55":{"start":{"line":128,"column":4},"end":{"line":128,"column":16}}},"fnMap":{"0":{"name":"createParsedTransaction","decl":{"start":{"line":17,"column":9},"end":{"line":17,"column":32}},"loc":{"start":{"line":21,"column":35},"end":{"line":54,"column":1}}},"1":{"name":"parseAnaPayEmail","decl":{"start":{"line":62,"column":16},"end":{"line":62,"column":32}},"loc":{"start":{"line":62,"column":50},"end":{"line":91,"column":1}}},"2":{"name":"parseRakutenPayEmail","decl":{"start":{"line":99,"column":16},"end":{"line":99,"column":36}},"loc":{"start":{"line":99,"column":54},"end":{"line":130,"column":1}}}},"branchMap":{"0":{"loc":{"start":{"line":25,"column":4},"end":{"line":31,"column":5}},"type":"if","locations":[{"start":{"line":25,"column":4},"end":{"line":31,"column":5}},{"start":{"line":28,"column":11},"end":{"line":31,"column":5}}]},"1":{"loc":{"start":{"line":38,"column":4},"end":{"line":41,"column":5}},"type":"if","locations":[{"start":{"line":38,"column":4},"end":{"line":41,"column":5}}]},"2":{"loc":{"start":{"line":38,"column":8},"end":{"line":38,"column":71}},"type":"binary-expr","locations":[{"start":{"line":38,"column":8},"end":{"line":38,"column":40}},{"start":{"line":38,"column":44},"end":{"line":38,"column":57}},{"start":{"line":38,"column":61},"end":{"line":38,"column":71}}]},"3":{"loc":{"start":{"line":73,"column":2},"end":{"line":90,"column":3}},"type":"if","locations":[{"start":{"line":73,"column":2},"end":{"line":90,"column":3}},{"start":{"line":84,"column":9},"end":{"line":90,"column":3}}]},"4":{"loc":{"start":{"line":73,"column":6},"end":{"line":73,"column":63}},"type":"binary-expr","locations":[{"start":{"line":73,"column":6},"end":{"line":73,"column":24}},{"start":{"line":73,"column":28},"end":{"line":73,"column":44}},{"start":{"line":73,"column":48},"end":{"line":73,"column":63}}]},"5":{"loc":{"start":{"line":80,"column":4},"end":{"line":82,"column":5}},"type":"if","locations":[{"start":{"line":80,"column":4},"end":{"line":82,"column":5}}]},"6":{"loc":{"start":{"line":86,"column":4},"end":{"line":86,"column":62}},"type":"if","locations":[{"start":{"line":86,"column":4},"end":{"line":86,"column":62}}]},"7":{"loc":{"start":{"line":87,"column":4},"end":{"line":87,"column":58}},"type":"if","locations":[{"start":{"line":87,"column":4},"end":{"line":87,"column":58}}]},"8":{"loc":{"start":{"line":88,"column":4},"end":{"line":88,"column":56}},"type":"if","locations":[{"start":{"line":88,"column":4},"end":{"line":88,"column":56}}]},"9":{"loc":{"start":{"line":111,"column":2},"end":{"line":129,"column":3}},"type":"if","locations":[{"start":{"line":111,"column":2},"end":{"line":129,"column":3}},{"start":{"line":123,"column":9},"end":{"line":129,"column":3}}]},"10":{"loc":{"start":{"line":111,"column":6},"end":{"line":111,"column":85}},"type":"binary-expr","locations":[{"start":{"line":111,"column":6},"end":{"line":111,"column":24}},{"start":{"line":111,"column":28},"end":{"line":111,"column":46}},{"start":{"line":111,"column":50},"end":{"line":111,"column":66}},{"start":{"line":111,"column":70},"end":{"line":111,"column":85}}]},"11":{"loc":{"start":{"line":119,"column":5},"end":{"line":121,"column":6}},"type":"if","locations":[{"start":{"line":119,"column":5},"end":{"line":121,"column":6}}]},"12":{"loc":{"start":{"line":125,"column":5},"end":{"line":125,"column":63}},"type":"if","locations":[{"start":{"line":125,"column":5},"end":{"line":125,"column":63}}]},"13":{"loc":{"start":{"line":126,"column":5},"end":{"line":126,"column":59}},"type":"if","locations":[{"start":{"line":126,"column":5},"end":{"line":126,"column":59}}]},"14":{"loc":{"start":{"line":127,"column":5},"end":{"line":127,"column":77}},"type":"if","locations":[{"start":{"line":127,"column":5},"end":{"line":127,"column":77}}]}},"s":{"0":1,"1":1,"2":2,"3":2,"4":1,"5":1,"6":2,"7":2,"8":2,"9":2,"10":0,"11":0,"12":2,"13":0,"14":0,"15":3,"16":3,"17":3,"18":3,"19":3,"20":3,"21":3,"22":3,"23":1,"24":1,"25":1,"26":1,"27":2,"28":2,"29":1,"30":2,"31":2,"32":2,"33":2,"34":2,"35":3,"36":3,"37":3,"38":3,"39":3,"40":3,"41":3,"42":3,"43":1,"44":1,"45":1,"46":1,"47":1,"48":2,"49":2,"50":1,"51":2,"52":2,"53":2,"54":2,"55":2},"f":{"0":2,"1":3,"2":3},"b":{"0":[1,1],"1":[0],"2":[2,2,2],"3":[1,2],"4":[3,2,1],"5":[1],"6":[1],"7":[2],"8":[2],"9":[1,2],"10":[3,2,2,1],"11":[1],"12":[1],"13":[2],"14":[2]}}
}
