TN:
SF:src/mastra/tools/parser.ts
FN:17,createParsedTransaction
FN:62,parseAnaPayEmail
FN:99,parseRakutenPayEmail
FNF:3
FNH:3
FNDA:2,createParsedTransaction
FNDA:3,parseAnaPayEmail
FNDA:3,parseRakutenPayEmail
DA:23,2
DA:25,2
DA:27,1
DA:30,1
DA:33,2
DA:34,2
DA:35,2
DA:38,2
DA:39,0
DA:40,0
DA:43,2
DA:51,0
DA:52,0
DA:62,1
DA:63,3
DA:65,3
DA:66,3
DA:67,3
DA:69,3
DA:70,3
DA:71,3
DA:73,3
DA:74,1
DA:80,1
DA:81,1
DA:83,1
DA:85,2
DA:86,2
DA:87,2
DA:88,2
DA:89,2
DA:99,1
DA:100,3
DA:102,3
DA:103,3
DA:104,3
DA:106,3
DA:107,3
DA:108,3
DA:111,3
DA:112,1
DA:113,1
DA:119,1
DA:120,1
DA:122,1
DA:124,2
DA:125,2
DA:126,2
DA:127,2
DA:128,2
LF:50
LH:46
BRDA:25,0,0,1
BRDA:25,0,1,1
BRDA:38,1,0,0
BRDA:38,2,0,2
BRDA:38,2,1,2
BRDA:38,2,2,2
BRDA:73,3,0,1
BRDA:73,3,1,2
BRDA:73,4,0,3
BRDA:73,4,1,2
BRDA:73,4,2,1
BRDA:80,5,0,1
BRDA:86,6,0,1
BRDA:87,7,0,2
BRDA:88,8,0,2
BRDA:111,9,0,1
BRDA:111,9,1,2
BRDA:111,10,0,3
BRDA:111,10,1,2
BRDA:111,10,2,2
BRDA:111,10,3,1
BRDA:119,11,0,1
BRDA:125,12,0,1
BRDA:126,13,0,2
BRDA:127,14,0,2
BRF:25
BRH:24
end_of_record
